2021-03-28 13:13:52 INFO  Base:22 - Create base with name: as
2021-03-28 13:13:52 INFO  Base:28 - Create base with name: as
2021-03-28 13:15:39 INFO  Base:22 - Create base with name: as
2021-03-28 13:15:40 INFO  Base:28 - Create base with name: as
2021-03-28 13:18:51 INFO  Base:22 - Create base with name: as
2021-03-28 13:18:51 INFO  Base:28 - Create base with name: as
2021-03-28 13:19:14 INFO  BaseRepositoryImpl:42 - Delete Base(ID=2370f7ba-e977-4889-a6e3-90970f27b115; name=as)
2021-03-28 13:23:31 INFO  Base:22 - Create base with name: Test base name
2021-03-28 13:23:31 INFO  Base:28 - Create base with name: Test base name
2021-03-28 13:26:30 INFO  Base:22 - Create base with name: as
2021-03-28 13:26:30 INFO  Base:28 - Create base with name: as
2021-03-28 13:26:52 INFO  BaseRepositoryImpl:55 - Update base in baseList
2021-03-28 13:27:13 INFO  BaseRepositoryImpl:42 - Delete Base(ID=92e4a972-f5f8-45d2-bf29-baa41857a0d7; name=New name)
2021-03-28 14:33:03 INFO  Base:22 - Create base with name: Test base
2021-03-28 14:33:03 INFO  Base:28 - Create base with name: Test base
2021-03-28 14:33:33 INFO  BaseRepositoryImpl:55 - Update base in baseList
2021-03-28 14:33:57 INFO  Base:22 - Create base with name: Base number 2
2021-03-28 14:33:57 INFO  Base:28 - Create base with name: Base number 2
2021-03-28 14:35:40 INFO  Base:22 - Create base with name: test base
2021-03-28 14:35:40 INFO  Base:28 - Create base with name: test base
2021-03-28 14:36:01 INFO  Base:22 - Create base with name: test base number 2
2021-03-28 14:36:01 INFO  Base:28 - Create base with name: test base number 2
2021-03-28 14:36:39 INFO  BaseRepositoryImpl:42 - Delete Base(ID=d1949f0a-26ac-4d4c-b585-13b9bdbbcc5e; name=test base)
2021-03-28 15:06:49 INFO  Decoration:28 - Create decoration with name: q price: 1.0
2021-03-28 15:06:49 INFO  DecorationRepositoryImpl:29 - Add Decoration(name=q, price=1.0) in decorationList
2021-03-28 15:07:06 INFO  Decoration:28 - Create decoration with name: as price: 1.2
2021-03-28 15:07:06 INFO  DecorationRepositoryImpl:29 - Add Decoration(name=as, price=1.2) in decorationList
2021-03-28 15:09:07 INFO  Decoration:26 - Create decoration with name: as price: 23.4
2021-03-28 15:09:07 INFO  DecorationRepositoryImpl:29 - Add Decoration(ID=6bfc1b31-d3b4-463b-8acc-578a4fdc62e0name=as, price=23.4) in decorationList
2021-03-28 15:11:57 INFO  Decoration:26 - Create decoration with name: Test name price: 23.2
2021-03-28 15:11:57 INFO  DecorationRepositoryImpl:29 - Add Decoration(ID=ff7bd586-f038-4a75-8fe9-3b70227cb946, name=Test name, price=23.2) in decorationList
2021-03-28 15:12:35 INFO  DecorationRepositoryImpl:53 - Update Decoration(ID=ff7bd586-f038-4a75-8fe9-3b70227cb946, name=new test name, price=4.0) in decorationList
2021-03-28 15:12:54 INFO  DecorationRepositoryImpl:40 - Delete Decoration(ID=ff7bd586-f038-4a75-8fe9-3b70227cb946, name=new test name, price=4.0) in decorationList
2021-03-28 22:31:00 INFO  Characteristic:26 - Create characteristic with name: Characteristic name subscriptionAnyway subscrition
2021-03-28 22:31:00 INFO  Characteristic:35 - Create characteristic with name: Characteristic name subscriptionAnyway subscrition
2021-03-28 22:31:00 INFO  CharacteristicRepositoryImpl:28 - Add Characteristic(ID=4579a131-cb1b-4e93-8ae1-fa181297f843name=Characteristic name, subscription=Anyway subscrition) in characteristicList
2021-03-28 22:31:52 INFO  CharacteristicRepositoryImpl:53 - Update Characteristic(ID=4579a131-cb1b-4e93-8ae1-fa181297f843name=Characteristic name, subscription=Anyway subscrition) in characteristicList
2021-03-28 22:33:13 INFO  Characteristic:26 - Create characteristic with name: as subscriptionas
2021-03-28 22:33:13 INFO  Characteristic:35 - Create characteristic with name: as subscriptionas
2021-03-28 22:33:13 INFO  CharacteristicRepositoryImpl:28 - Add Characteristic(ID=d068215c-7675-46eb-a2b2-84d698ac05b1name=as, subscription=as) in characteristicList
2021-03-28 22:33:35 INFO  CharacteristicRepositoryImpl:53 - Update Characteristic(ID=d068215c-7675-46eb-a2b2-84d698ac05b1name=rt, subscription=rt) in characteristicList
2021-03-28 22:34:03 INFO  Base:22 - Create base with name: name
2021-03-28 22:34:03 INFO  Base:28 - Create base with name: name
